[2026-05-28T08:37:26.719Z] [SYSTEM] Compliance loop started
[2026-05-28T08:37:37.860Z] [SYSTEM] Compliance loop started
[2026-05-28T08:37:37.863Z] [INFO] === Starting compliance loop for: singify-platform ===
[2026-05-28T08:37:37.864Z] [INFO] Step 1: Running initial audit...
[2026-05-28T08:37:37.870Z] [WARN] Audit import error: Cannot find module 'C:\Users\denni\PycharmProjects\cais-shared-services\packages\portfolio-gate\dist\audit\commitment-panel.js' imported from C:\Users\denni\PycharmProjects\cais-shared-services\scripts\compliance-loop.mjs
[2026-05-28T08:37:37.870Z] [INFO] Initial audit: PASS (0 failures)
[2026-05-28T08:37:37.872Z] [INFO] Product already compliant!
[2026-05-28T08:38:15.375Z] [SYSTEM] Compliance loop started
[2026-05-28T08:38:15.377Z] [INFO] === Starting compliance loop for: singify-platform ===
[2026-05-28T08:38:15.378Z] [INFO] Step 1: Running initial audit...
[2026-05-28T08:38:17.797Z] [INFO] Initial audit: FAIL (21 failures)
[2026-05-28T08:38:17.797Z] [INFO] Step 2: Applying 21 automatic fixes...
[2026-05-28T08:38:17.798Z] [INFO] [DRY-RUN] Would apply fixes for: R19, R19, R19, R19, R19, R20, R20, R20, R20, R20, R20, R20, R20, R3, R3, R3, R3, R3, R3, R3, R3
[2026-05-28T08:38:17.798Z] [INFO] Applied fixes: none
[2026-05-28T08:38:17.798Z] [INFO] Step 3: Re-running audit...
[2026-05-28T08:38:19.144Z] [INFO] Final audit: FAIL (21 remaining failures)
[2026-05-28T08:38:26.727Z] [SYSTEM] Compliance loop started
[2026-05-28T08:38:26.729Z] [INFO] === Starting compliance loop for: singify-platform ===
[2026-05-28T08:38:26.730Z] [INFO] Step 1: Running initial audit...
[2026-05-28T08:38:27.813Z] [INFO] Initial audit: FAIL (21 failures)
[2026-05-28T08:38:27.814Z] [INFO] Step 2: Applying 21 automatic fixes...
[2026-05-28T08:38:27.814Z] [INFO] Applying R19 fix: Adding CommitmentPanel...
[2026-05-28T08:38:27.845Z] [ERROR] Failed to fix R19: Command failed: find "C:\Users\denni\PycharmProjects\singify-platform/app" -name "page.tsx" 2>/dev/null | head -1
The system cannot find the path specified.

[2026-05-28T08:38:27.846Z] [INFO] Applying R19 fix: Adding CommitmentPanel...
[2026-05-28T08:38:27.861Z] [ERROR] Failed to fix R19: Command failed: find "C:\Users\denni\PycharmProjects\singify-platform/app" -name "page.tsx" 2>/dev/null | head -1
The system cannot find the path specified.

[2026-05-28T08:38:27.862Z] [INFO] Applying R19 fix: Adding CommitmentPanel...
[2026-05-28T08:38:27.881Z] [ERROR] Failed to fix R19: Command failed: find "C:\Users\denni\PycharmProjects\singify-platform/app" -name "page.tsx" 2>/dev/null | head -1
The system cannot find the path specified.

[2026-05-28T08:38:27.881Z] [INFO] Applying R19 fix: Adding CommitmentPanel...
[2026-05-28T08:38:27.898Z] [ERROR] Failed to fix R19: Command failed: find "C:\Users\denni\PycharmProjects\singify-platform/app" -name "page.tsx" 2>/dev/null | head -1
The system cannot find the path specified.

[2026-05-28T08:38:27.898Z] [INFO] Applying R19 fix: Adding CommitmentPanel...
[2026-05-28T08:38:27.916Z] [ERROR] Failed to fix R19: Command failed: find "C:\Users\denni\PycharmProjects\singify-platform/app" -name "page.tsx" 2>/dev/null | head -1
The system cannot find the path specified.

[2026-05-28T08:38:27.916Z] [INFO] Applying R20 fix: Adding VoiceWidget...
[2026-05-28T08:38:27.917Z] [WARN] R20: layout.tsx not found
[2026-05-28T08:38:27.917Z] [INFO] Applying R20 fix: Adding VoiceWidget...
[2026-05-28T08:38:27.917Z] [WARN] R20: layout.tsx not found
[2026-05-28T08:38:27.918Z] [INFO] Applying R20 fix: Adding VoiceWidget...
[2026-05-28T08:38:27.918Z] [WARN] R20: layout.tsx not found
[2026-05-28T08:38:27.918Z] [INFO] Applying R20 fix: Adding VoiceWidget...
[2026-05-28T08:38:27.918Z] [WARN] R20: layout.tsx not found
[2026-05-28T08:38:27.919Z] [INFO] Applying R20 fix: Adding VoiceWidget...
[2026-05-28T08:38:27.919Z] [WARN] R20: layout.tsx not found
[2026-05-28T08:38:27.919Z] [INFO] Applying R20 fix: Adding VoiceWidget...
[2026-05-28T08:38:27.919Z] [WARN] R20: layout.tsx not found
[2026-05-28T08:38:27.919Z] [INFO] Applying R20 fix: Adding VoiceWidget...
[2026-05-28T08:38:27.920Z] [WARN] R20: layout.tsx not found
[2026-05-28T08:38:27.920Z] [INFO] Applying R20 fix: Adding VoiceWidget...
[2026-05-28T08:38:27.920Z] [WARN] R20: layout.tsx not found
[2026-05-28T08:38:27.920Z] [INFO] Applying R3 fix: Adding ExplanatoryHeader to singify-platform...
[2026-05-28T08:38:27.921Z] [WARN] R3: File not found: C:\Users\denni\PycharmProjects\singify-platform\singify-platform
[2026-05-28T08:38:27.921Z] [INFO] Applying R3 fix: Adding ExplanatoryHeader to singify-platform...
[2026-05-28T08:38:27.921Z] [WARN] R3: File not found: C:\Users\denni\PycharmProjects\singify-platform\singify-platform
[2026-05-28T08:38:27.921Z] [INFO] Applying R3 fix: Adding ExplanatoryHeader to singify-platform...
[2026-05-28T08:38:27.922Z] [WARN] R3: File not found: C:\Users\denni\PycharmProjects\singify-platform\singify-platform
[2026-05-28T08:38:27.922Z] [INFO] Applying R3 fix: Adding ExplanatoryHeader to singify-platform...
[2026-05-28T08:38:27.922Z] [WARN] R3: File not found: C:\Users\denni\PycharmProjects\singify-platform\singify-platform
[2026-05-28T08:38:27.922Z] [INFO] Applying R3 fix: Adding ExplanatoryHeader to singify-platform...
[2026-05-28T08:38:27.923Z] [WARN] R3: File not found: C:\Users\denni\PycharmProjects\singify-platform\singify-platform
[2026-05-28T08:38:27.923Z] [INFO] Applying R3 fix: Adding ExplanatoryHeader to singify-platform...
[2026-05-28T08:38:27.923Z] [WARN] R3: File not found: C:\Users\denni\PycharmProjects\singify-platform\singify-platform
[2026-05-28T08:38:27.923Z] [INFO] Applying R3 fix: Adding ExplanatoryHeader to singify-platform...
[2026-05-28T08:38:27.924Z] [WARN] R3: File not found: C:\Users\denni\PycharmProjects\singify-platform\singify-platform
[2026-05-28T08:38:27.924Z] [INFO] Applying R3 fix: Adding ExplanatoryHeader to singify-platform...
[2026-05-28T08:38:27.924Z] [WARN] R3: File not found: C:\Users\denni\PycharmProjects\singify-platform\singify-platform
[2026-05-28T08:38:27.924Z] [INFO] Applied fixes: R20, R20, R20, R20, R20, R20, R20, R20, R3, R3, R3, R3, R3, R3, R3, R3
[2026-05-28T08:38:27.925Z] [INFO] Step 3: Re-running audit...
[2026-05-28T08:38:29.108Z] [INFO] Final audit: FAIL (21 remaining failures)
[2026-05-28T08:39:57.237Z] [SYSTEM] Compliance loop started
[2026-05-28T08:39:57.246Z] [INFO] === Starting compliance loop for: C:\Users\denni\PycharmProjects\DealFindrs ===
[2026-05-28T08:39:57.246Z] [ERROR] Product path not found: C:\Users\denni\PycharmProjects\C:\Users\denni\PycharmProjects\DealFindrs
[2026-05-28T08:41:51.997Z] [SYSTEM] Compliance loop started
[2026-05-28T08:41:52.006Z] [INFO] === Starting compliance loop for: singify-platform ===
[2026-05-28T08:41:52.006Z] [INFO] Step 1: Running initial audit...
[2026-05-28T08:41:53.912Z] [INFO] Initial audit: FAIL (21 failures)
[2026-05-28T08:41:53.912Z] [INFO] Step 2: Applying 21 automatic fixes...
[2026-05-28T08:41:53.913Z] [INFO] Applying R19 fix: Adding CommitmentPanel to singify-platform...
[2026-05-28T08:41:53.913Z] [WARN] Could not find target page for R19 fix
[2026-05-28T08:41:53.914Z] [INFO] Applying R19 fix: Adding CommitmentPanel to singify-platform...
[2026-05-28T08:41:53.914Z] [WARN] Could not find target page for R19 fix
[2026-05-28T08:41:53.914Z] [INFO] Applying R19 fix: Adding CommitmentPanel to singify-platform...
[2026-05-28T08:41:53.915Z] [WARN] Could not find target page for R19 fix
[2026-05-28T08:41:53.915Z] [INFO] Applying R19 fix: Adding CommitmentPanel to singify-platform...
[2026-05-28T08:41:53.915Z] [WARN] Could not find target page for R19 fix
[2026-05-28T08:41:53.915Z] [INFO] Applying R19 fix: Adding CommitmentPanel to singify-platform...
[2026-05-28T08:41:53.917Z] [WARN] Could not find target page for R19 fix
[2026-05-28T08:41:53.921Z] [INFO] Applying R20 fix: Adding VoiceWidget to singify-platform...
[2026-05-28T08:41:53.925Z] [WARN] R20: layout.tsx not found
[2026-05-28T08:41:53.927Z] [INFO] Applying R20 fix: Adding VoiceWidget to singify-platform...
[2026-05-28T08:41:53.928Z] [WARN] R20: layout.tsx not found
[2026-05-28T08:41:53.928Z] [INFO] Applying R20 fix: Adding VoiceWidget to singify-platform...
[2026-05-28T08:41:53.928Z] [WARN] R20: layout.tsx not found
[2026-05-28T08:41:53.928Z] [INFO] Applying R20 fix: Adding VoiceWidget to singify-platform...
[2026-05-28T08:41:53.928Z] [WARN] R20: layout.tsx not found
[2026-05-28T08:41:53.929Z] [INFO] Applying R20 fix: Adding VoiceWidget to singify-platform...
[2026-05-28T08:41:53.929Z] [WARN] R20: layout.tsx not found
[2026-05-28T08:41:53.929Z] [INFO] Applying R20 fix: Adding VoiceWidget to singify-platform...
[2026-05-28T08:41:53.929Z] [WARN] R20: layout.tsx not found
[2026-05-28T08:41:53.929Z] [INFO] Applying R20 fix: Adding VoiceWidget to singify-platform...
[2026-05-28T08:41:53.929Z] [WARN] R20: layout.tsx not found
[2026-05-28T08:41:53.930Z] [INFO] Applying R20 fix: Adding VoiceWidget to singify-platform...
[2026-05-28T08:41:53.930Z] [WARN] R20: layout.tsx not found
[2026-05-28T08:41:53.930Z] [INFO] Applying R3 fix: Adding ExplanatoryHeader to singify-platform...
[2026-05-28T08:41:53.931Z] [WARN] R3: File not found: C:\Users\denni\PycharmProjects\singify-platform\singify-platform
[2026-05-28T08:41:53.931Z] [INFO] Applying R3 fix: Adding ExplanatoryHeader to singify-platform...
[2026-05-28T08:41:53.931Z] [WARN] R3: File not found: C:\Users\denni\PycharmProjects\singify-platform\singify-platform
[2026-05-28T08:41:53.931Z] [INFO] Applying R3 fix: Adding ExplanatoryHeader to singify-platform...
[2026-05-28T08:41:53.932Z] [WARN] R3: File not found: C:\Users\denni\PycharmProjects\singify-platform\singify-platform
[2026-05-28T08:41:53.933Z] [INFO] Applying R3 fix: Adding ExplanatoryHeader to singify-platform...
[2026-05-28T08:41:53.933Z] [WARN] R3: File not found: C:\Users\denni\PycharmProjects\singify-platform\singify-platform
[2026-05-28T08:41:53.933Z] [INFO] Applying R3 fix: Adding ExplanatoryHeader to singify-platform...
[2026-05-28T08:41:53.933Z] [WARN] R3: File not found: C:\Users\denni\PycharmProjects\singify-platform\singify-platform
[2026-05-28T08:41:53.933Z] [INFO] Applying R3 fix: Adding ExplanatoryHeader to singify-platform...
[2026-05-28T08:41:53.934Z] [WARN] R3: File not found: C:\Users\denni\PycharmProjects\singify-platform\singify-platform
[2026-05-28T08:41:53.934Z] [INFO] Applying R3 fix: Adding ExplanatoryHeader to singify-platform...
[2026-05-28T08:41:53.934Z] [WARN] R3: File not found: C:\Users\denni\PycharmProjects\singify-platform\singify-platform
[2026-05-28T08:41:53.934Z] [INFO] Applying R3 fix: Adding ExplanatoryHeader to singify-platform...
[2026-05-28T08:41:53.934Z] [WARN] R3: File not found: C:\Users\denni\PycharmProjects\singify-platform\singify-platform
[2026-05-28T08:41:53.935Z] [INFO] Applied fixes: R19, R19, R19, R19, R19, R20, R20, R20, R20, R20, R20, R20, R20, R3, R3, R3, R3, R3, R3, R3, R3
[2026-05-28T08:41:53.935Z] [INFO] Step 3: Re-running audit...
[2026-05-28T08:41:55.174Z] [INFO] Final audit: FAIL (21 remaining failures)
[2026-05-28T08:43:16.628Z] [SYSTEM] Compliance loop started
[2026-05-28T08:43:16.631Z] [INFO] === Starting compliance loop for: singify-platform ===
[2026-05-28T08:43:16.631Z] [INFO] Step 1: Running initial audit...
[2026-05-28T08:43:18.432Z] [INFO] Initial audit: FAIL (21 failures)
[2026-05-28T08:43:18.432Z] [INFO] Step 2: Applying 21 automatic fixes...
[2026-05-28T08:43:18.433Z] [INFO] Applying R19 fix: Adding CommitmentPanel to singify-platform...
[2026-05-28T08:43:18.433Z] [INFO] Product path: C:\Users\denni\PycharmProjects\singify-platform
[2026-05-28T08:43:18.438Z] [INFO] Found page: C:\Users\denni\PycharmProjects\singify-platform\src\app\auth\forgot-password\page.tsx
[2026-05-28T08:43:18.440Z] [INFO] R19: Added CommitmentPanel to C:\Users\denni\PycharmProjects\singify-platform\src\app\auth\forgot-password\page.tsx
[2026-05-28T08:43:18.441Z] [INFO] Applying R19 fix: Adding CommitmentPanel to singify-platform...
[2026-05-28T08:43:18.441Z] [INFO] Product path: C:\Users\denni\PycharmProjects\singify-platform
[2026-05-28T08:43:18.444Z] [INFO] Found page: C:\Users\denni\PycharmProjects\singify-platform\src\app\auth\forgot-password\page.tsx
[2026-05-28T08:43:18.445Z] [SKIP] R19: CommitmentPanel already present
[2026-05-28T08:43:18.445Z] [INFO] Applying R19 fix: Adding CommitmentPanel to singify-platform...
[2026-05-28T08:43:18.445Z] [INFO] Product path: C:\Users\denni\PycharmProjects\singify-platform
[2026-05-28T08:43:18.449Z] [INFO] Found page: C:\Users\denni\PycharmProjects\singify-platform\src\app\auth\forgot-password\page.tsx
[2026-05-28T08:43:18.449Z] [SKIP] R19: CommitmentPanel already present
[2026-05-28T08:43:18.449Z] [INFO] Applying R19 fix: Adding CommitmentPanel to singify-platform...
[2026-05-28T08:43:18.450Z] [INFO] Product path: C:\Users\denni\PycharmProjects\singify-platform
[2026-05-28T08:43:18.454Z] [INFO] Found page: C:\Users\denni\PycharmProjects\singify-platform\src\app\auth\forgot-password\page.tsx
[2026-05-28T08:43:18.454Z] [SKIP] R19: CommitmentPanel already present
[2026-05-28T08:43:18.455Z] [INFO] Applying R19 fix: Adding CommitmentPanel to singify-platform...
[2026-05-28T08:43:18.455Z] [INFO] Product path: C:\Users\denni\PycharmProjects\singify-platform
[2026-05-28T08:43:18.458Z] [INFO] Found page: C:\Users\denni\PycharmProjects\singify-platform\src\app\auth\forgot-password\page.tsx
[2026-05-28T08:43:18.459Z] [SKIP] R19: CommitmentPanel already present
[2026-05-28T08:43:18.459Z] [INFO] Applying R20 fix: Adding VoiceWidget to singify-platform...
[2026-05-28T08:43:18.459Z] [INFO] Product path: C:\Users\denni\PycharmProjects\singify-platform
[2026-05-28T08:43:18.463Z] [INFO] Found layout: C:\Users\denni\PycharmProjects\singify-platform\src\app\layout.tsx
[2026-05-28T08:43:18.464Z] [INFO] R20: Added VoiceWidget to C:\Users\denni\PycharmProjects\singify-platform\src\app\layout.tsx
[2026-05-28T08:43:18.465Z] [INFO] Applying R20 fix: Adding VoiceWidget to singify-platform...
[2026-05-28T08:43:18.465Z] [INFO] Product path: C:\Users\denni\PycharmProjects\singify-platform
[2026-05-28T08:43:18.469Z] [INFO] Found layout: C:\Users\denni\PycharmProjects\singify-platform\src\app\layout.tsx
[2026-05-28T08:43:18.469Z] [SKIP] R20: VoiceWidget already present
[2026-05-28T08:43:18.470Z] [INFO] Applying R20 fix: Adding VoiceWidget to singify-platform...
[2026-05-28T08:43:18.470Z] [INFO] Product path: C:\Users\denni\PycharmProjects\singify-platform
[2026-05-28T08:43:18.474Z] [INFO] Found layout: C:\Users\denni\PycharmProjects\singify-platform\src\app\layout.tsx
[2026-05-28T08:43:18.474Z] [SKIP] R20: VoiceWidget already present
[2026-05-28T08:43:18.475Z] [INFO] Applying R20 fix: Adding VoiceWidget to singify-platform...
[2026-05-28T08:43:18.475Z] [INFO] Product path: C:\Users\denni\PycharmProjects\singify-platform
[2026-05-28T08:43:18.479Z] [INFO] Found layout: C:\Users\denni\PycharmProjects\singify-platform\src\app\layout.tsx
[2026-05-28T08:43:18.479Z] [SKIP] R20: VoiceWidget already present
[2026-05-28T08:43:18.480Z] [INFO] Applying R20 fix: Adding VoiceWidget to singify-platform...
[2026-05-28T08:43:18.480Z] [INFO] Product path: C:\Users\denni\PycharmProjects\singify-platform
[2026-05-28T08:43:18.484Z] [INFO] Found layout: C:\Users\denni\PycharmProjects\singify-platform\src\app\layout.tsx
[2026-05-28T08:43:18.484Z] [SKIP] R20: VoiceWidget already present
[2026-05-28T08:43:18.484Z] [INFO] Applying R20 fix: Adding VoiceWidget to singify-platform...
[2026-05-28T08:43:18.484Z] [INFO] Product path: C:\Users\denni\PycharmProjects\singify-platform
[2026-05-28T08:43:18.488Z] [INFO] Found layout: C:\Users\denni\PycharmProjects\singify-platform\src\app\layout.tsx
[2026-05-28T08:43:18.489Z] [SKIP] R20: VoiceWidget already present
[2026-05-28T08:43:18.489Z] [INFO] Applying R20 fix: Adding VoiceWidget to singify-platform...
[2026-05-28T08:43:18.489Z] [INFO] Product path: C:\Users\denni\PycharmProjects\singify-platform
[2026-05-28T08:43:18.493Z] [INFO] Found layout: C:\Users\denni\PycharmProjects\singify-platform\src\app\layout.tsx
[2026-05-28T08:43:18.494Z] [SKIP] R20: VoiceWidget already present
[2026-05-28T08:43:18.494Z] [INFO] Applying R20 fix: Adding VoiceWidget to singify-platform...
[2026-05-28T08:43:18.494Z] [INFO] Product path: C:\Users\denni\PycharmProjects\singify-platform
[2026-05-28T08:43:18.499Z] [INFO] Found layout: C:\Users\denni\PycharmProjects\singify-platform\src\app\layout.tsx
[2026-05-28T08:43:18.499Z] [SKIP] R20: VoiceWidget already present
[2026-05-28T08:43:18.500Z] [INFO] Applying R3 fix: Adding ExplanatoryHeader to singify-platform...
[2026-05-28T08:43:18.500Z] [WARN] R3: File not found: C:\Users\denni\PycharmProjects\singify-platform\singify-platform
[2026-05-28T08:43:18.500Z] [INFO] Applying R3 fix: Adding ExplanatoryHeader to singify-platform...
[2026-05-28T08:43:18.500Z] [WARN] R3: File not found: C:\Users\denni\PycharmProjects\singify-platform\singify-platform
[2026-05-28T08:43:18.501Z] [INFO] Applying R3 fix: Adding ExplanatoryHeader to singify-platform...
[2026-05-28T08:43:18.501Z] [WARN] R3: File not found: C:\Users\denni\PycharmProjects\singify-platform\singify-platform
[2026-05-28T08:43:18.501Z] [INFO] Applying R3 fix: Adding ExplanatoryHeader to singify-platform...
[2026-05-28T08:43:18.501Z] [WARN] R3: File not found: C:\Users\denni\PycharmProjects\singify-platform\singify-platform
[2026-05-28T08:43:18.502Z] [INFO] Applying R3 fix: Adding ExplanatoryHeader to singify-platform...
[2026-05-28T08:43:18.502Z] [WARN] R3: File not found: C:\Users\denni\PycharmProjects\singify-platform\singify-platform
[2026-05-28T08:43:18.502Z] [INFO] Applying R3 fix: Adding ExplanatoryHeader to singify-platform...
[2026-05-28T08:43:18.502Z] [WARN] R3: File not found: C:\Users\denni\PycharmProjects\singify-platform\singify-platform
[2026-05-28T08:43:18.502Z] [INFO] Applying R3 fix: Adding ExplanatoryHeader to singify-platform...
[2026-05-28T08:43:18.503Z] [WARN] R3: File not found: C:\Users\denni\PycharmProjects\singify-platform\singify-platform
[2026-05-28T08:43:18.503Z] [INFO] Applying R3 fix: Adding ExplanatoryHeader to singify-platform...
[2026-05-28T08:43:18.503Z] [WARN] R3: File not found: C:\Users\denni\PycharmProjects\singify-platform\singify-platform
[2026-05-28T08:43:18.503Z] [INFO] Applied fixes: R19, R19, R19, R19, R19, R20, R20, R20, R20, R20, R20, R20, R20, R3, R3, R3, R3, R3, R3, R3, R3
[2026-05-28T08:43:18.503Z] [INFO] Step 3: Re-running audit...
[2026-05-28T08:43:19.634Z] [INFO] Final audit: FAIL (21 remaining failures)
[2026-05-28T08:49:40.776Z] [SYSTEM] Compliance loop started
[2026-05-28T08:49:40.778Z] [INFO] === Starting compliance loop for: singify-platform ===
[2026-05-28T08:49:40.779Z] [INFO] Step 1: Running initial audit...
[2026-05-28T08:49:42.499Z] [INFO] Initial audit: FAIL (9 failures)
[2026-05-28T08:49:42.499Z] [INFO] Step 2: Applying 9 automatic fixes...
[2026-05-28T08:49:42.500Z] [INFO] Applying R19 fix: Adding CommitmentPanel to singify-platform...
[2026-05-28T08:49:42.500Z] [INFO] Product path: C:\Users\denni\PycharmProjects\singify-platform
[2026-05-28T08:49:42.504Z] [INFO] Found page: C:\Users\denni\PycharmProjects\singify-platform\src\app\auth\forgot-password\page.tsx
[2026-05-28T08:49:42.504Z] [SKIP] R19: CommitmentPanel already present
[2026-05-28T08:49:42.505Z] [INFO] Applying R3 fix: Adding ExplanatoryHeader to singify-platform...
[2026-05-28T08:49:42.505Z] [WARN] R3: File not found: C:\Users\denni\PycharmProjects\singify-platform\singify-platform
[2026-05-28T08:49:42.505Z] [INFO] Applying R3 fix: Adding ExplanatoryHeader to singify-platform...
[2026-05-28T08:49:42.505Z] [WARN] R3: File not found: C:\Users\denni\PycharmProjects\singify-platform\singify-platform
[2026-05-28T08:49:42.506Z] [INFO] Applying R3 fix: Adding ExplanatoryHeader to singify-platform...
[2026-05-28T08:49:42.506Z] [WARN] R3: File not found: C:\Users\denni\PycharmProjects\singify-platform\singify-platform
[2026-05-28T08:49:42.506Z] [INFO] Applying R3 fix: Adding ExplanatoryHeader to singify-platform...
[2026-05-28T08:49:42.506Z] [WARN] R3: File not found: C:\Users\denni\PycharmProjects\singify-platform\singify-platform
[2026-05-28T08:49:42.507Z] [INFO] Applying R3 fix: Adding ExplanatoryHeader to singify-platform...
[2026-05-28T08:49:42.507Z] [WARN] R3: File not found: C:\Users\denni\PycharmProjects\singify-platform\singify-platform
[2026-05-28T08:49:42.507Z] [INFO] Applying R3 fix: Adding ExplanatoryHeader to singify-platform...
[2026-05-28T08:49:42.507Z] [WARN] R3: File not found: C:\Users\denni\PycharmProjects\singify-platform\singify-platform
[2026-05-28T08:49:42.507Z] [INFO] Applying R3 fix: Adding ExplanatoryHeader to singify-platform...
[2026-05-28T08:49:42.508Z] [WARN] R3: File not found: C:\Users\denni\PycharmProjects\singify-platform\singify-platform
[2026-05-28T08:49:42.508Z] [INFO] Applying R3 fix: Adding ExplanatoryHeader to singify-platform...
[2026-05-28T08:49:42.508Z] [WARN] R3: File not found: C:\Users\denni\PycharmProjects\singify-platform\singify-platform
[2026-05-28T08:49:42.508Z] [INFO] Applied fixes: R19, R3, R3, R3, R3, R3, R3, R3, R3
[2026-05-28T08:49:42.508Z] [INFO] Step 3: Re-running audit...
[2026-05-28T08:49:43.506Z] [INFO] Final audit: FAIL (9 remaining failures)
[2026-05-28T08:50:16.832Z] [SYSTEM] Compliance loop started
[2026-05-28T08:50:16.835Z] [INFO] === Starting compliance loop for: singify-platform ===
[2026-05-28T08:50:16.835Z] [INFO] Step 1: Running initial audit...
[2026-05-28T08:50:18.066Z] [INFO] Initial audit: FAIL (9 failures)
[2026-05-28T08:50:18.067Z] [INFO] Step 2: Applying 9 automatic fixes...
[2026-05-28T08:50:18.068Z] [INFO] Applying R19 fix: Adding CommitmentPanel to singify-platform...
[2026-05-28T08:50:18.068Z] [INFO] Product path: C:\Users\denni\PycharmProjects\singify-platform
[2026-05-28T08:50:18.073Z] [INFO] Found page: C:\Users\denni\PycharmProjects\singify-platform\src\app\auth\forgot-password\page.tsx
[2026-05-28T08:50:18.073Z] [SKIP] R19: CommitmentPanel already present
[2026-05-28T08:50:18.074Z] [INFO] Applying R3 fix: Adding ExplanatoryHeader to singify-platform...
[2026-05-28T08:50:18.074Z] [WARN] R3: File not found: C:\Users\denni\PycharmProjects\singify-platform\singify-platform
[2026-05-28T08:50:18.074Z] [INFO] Applying R3 fix: Adding ExplanatoryHeader to singify-platform...
[2026-05-28T08:50:18.074Z] [WARN] R3: File not found: C:\Users\denni\PycharmProjects\singify-platform\singify-platform
[2026-05-28T08:50:18.075Z] [INFO] Applying R3 fix: Adding ExplanatoryHeader to singify-platform...
[2026-05-28T08:50:18.075Z] [WARN] R3: File not found: C:\Users\denni\PycharmProjects\singify-platform\singify-platform
[2026-05-28T08:50:18.075Z] [INFO] Applying R3 fix: Adding ExplanatoryHeader to singify-platform...
[2026-05-28T08:50:18.076Z] [WARN] R3: File not found: C:\Users\denni\PycharmProjects\singify-platform\singify-platform
[2026-05-28T08:50:18.076Z] [INFO] Applying R3 fix: Adding ExplanatoryHeader to singify-platform...
[2026-05-28T08:50:18.076Z] [WARN] R3: File not found: C:\Users\denni\PycharmProjects\singify-platform\singify-platform
[2026-05-28T08:50:18.077Z] [INFO] Applying R3 fix: Adding ExplanatoryHeader to singify-platform...
[2026-05-28T08:50:18.077Z] [WARN] R3: File not found: C:\Users\denni\PycharmProjects\singify-platform\singify-platform
[2026-05-28T08:50:18.077Z] [INFO] Applying R3 fix: Adding ExplanatoryHeader to singify-platform...
[2026-05-28T08:50:18.077Z] [WARN] R3: File not found: C:\Users\denni\PycharmProjects\singify-platform\singify-platform
[2026-05-28T08:50:18.078Z] [INFO] Applying R3 fix: Adding ExplanatoryHeader to singify-platform...
[2026-05-28T08:50:18.078Z] [WARN] R3: File not found: C:\Users\denni\PycharmProjects\singify-platform\singify-platform
[2026-05-28T08:50:18.078Z] [INFO] Applied fixes: R19, R3, R3, R3, R3, R3, R3, R3, R3
[2026-05-28T08:50:18.078Z] [INFO] Step 3: Re-running audit...
[2026-05-28T08:50:19.211Z] [INFO] Final audit: FAIL (9 remaining failures)
[2026-05-28T08:50:57.681Z] [SYSTEM] Compliance loop started
[2026-05-28T08:50:57.684Z] [INFO] === Starting compliance loop for: singify-platform ===
[2026-05-28T08:50:57.684Z] [INFO] Step 1: Running initial audit...
[2026-05-28T08:50:58.723Z] [INFO] Initial audit: FAIL (9 failures)
[2026-05-28T08:50:58.724Z] [INFO] Step 2: Applying 9 automatic fixes...
[2026-05-28T08:50:58.724Z] [INFO] Applying R19 fix: Adding CommitmentPanel to singify-platform...
[2026-05-28T08:50:58.725Z] [INFO] Product path: C:\Users\denni\PycharmProjects\singify-platform
[2026-05-28T08:50:58.728Z] [INFO] Found page: C:\Users\denni\PycharmProjects\singify-platform\src\app\auth\forgot-password\page.tsx
[2026-05-28T08:50:58.728Z] [SKIP] R19: CommitmentPanel already present
[2026-05-28T08:50:58.729Z] [INFO] Applying R3 fix: Adding ExplanatoryHeader to singify-platform...
[2026-05-28T08:50:58.729Z] [WARN] R3: File not found: C:\Users\denni\PycharmProjects\singify-platform\singify-platform
[2026-05-28T08:50:58.729Z] [INFO] Applying R3 fix: Adding ExplanatoryHeader to singify-platform...
[2026-05-28T08:50:58.729Z] [WARN] R3: File not found: C:\Users\denni\PycharmProjects\singify-platform\singify-platform
[2026-05-28T08:50:58.730Z] [INFO] Applying R3 fix: Adding ExplanatoryHeader to singify-platform...
[2026-05-28T08:50:58.730Z] [WARN] R3: File not found: C:\Users\denni\PycharmProjects\singify-platform\singify-platform
[2026-05-28T08:50:58.730Z] [INFO] Applying R3 fix: Adding ExplanatoryHeader to singify-platform...
[2026-05-28T08:50:58.730Z] [WARN] R3: File not found: C:\Users\denni\PycharmProjects\singify-platform\singify-platform
[2026-05-28T08:50:58.731Z] [INFO] Applying R3 fix: Adding ExplanatoryHeader to singify-platform...
[2026-05-28T08:50:58.731Z] [WARN] R3: File not found: C:\Users\denni\PycharmProjects\singify-platform\singify-platform
[2026-05-28T08:50:58.731Z] [INFO] Applying R3 fix: Adding ExplanatoryHeader to singify-platform...
[2026-05-28T08:50:58.731Z] [WARN] R3: File not found: C:\Users\denni\PycharmProjects\singify-platform\singify-platform
[2026-05-28T08:50:58.732Z] [INFO] Applying R3 fix: Adding ExplanatoryHeader to singify-platform...
[2026-05-28T08:50:58.735Z] [WARN] R3: File not found: C:\Users\denni\PycharmProjects\singify-platform\singify-platform
[2026-05-28T08:50:58.735Z] [INFO] Applying R3 fix: Adding ExplanatoryHeader to singify-platform...
[2026-05-28T08:50:58.735Z] [WARN] R3: File not found: C:\Users\denni\PycharmProjects\singify-platform\singify-platform
[2026-05-28T08:50:58.735Z] [INFO] Applied fixes: R19, R3, R3, R3, R3, R3, R3, R3, R3
[2026-05-28T08:50:58.736Z] [INFO] Step 3: Re-running audit...
[2026-05-28T08:50:59.781Z] [INFO] Final audit: FAIL (9 remaining failures)
[2026-05-28T08:52:43.027Z] [SYSTEM] Compliance loop started
[2026-05-28T08:52:43.030Z] [INFO] === Starting compliance loop for: singify-platform ===
[2026-05-28T08:52:43.031Z] [INFO] Step 1: Running initial audit...
[2026-05-28T08:52:44.704Z] [INFO] Initial audit: FAIL (9 failures)
[2026-05-28T08:52:44.704Z] [INFO] Step 2: Applying 9 automatic fixes...
[2026-05-28T08:52:44.705Z] [INFO] Applying R19 fix: Adding CommitmentPanel to singify-platform...
[2026-05-28T08:52:44.705Z] [INFO] Product path: C:\Users\denni\PycharmProjects\singify-platform
[2026-05-28T08:52:44.709Z] [INFO] Found page: C:\Users\denni\PycharmProjects\singify-platform\src\app\auth\forgot-password\page.tsx
[2026-05-28T08:52:44.710Z] [SKIP] R19: CommitmentPanel already present
[2026-05-28T08:52:44.710Z] [INFO] Applying R3 fix: Adding ExplanatoryHeader to singify-platform...
[2026-05-28T08:52:44.711Z] [WARN] R3: File not found: C:\Users\denni\PycharmProjects\singify-platform\singify-platform
[2026-05-28T08:52:44.711Z] [INFO] Applying R3 fix: Adding ExplanatoryHeader to singify-platform...
[2026-05-28T08:52:44.711Z] [WARN] R3: File not found: C:\Users\denni\PycharmProjects\singify-platform\singify-platform
[2026-05-28T08:52:44.712Z] [INFO] Applying R3 fix: Adding ExplanatoryHeader to singify-platform...
[2026-05-28T08:52:44.712Z] [WARN] R3: File not found: C:\Users\denni\PycharmProjects\singify-platform\singify-platform
[2026-05-28T08:52:44.712Z] [INFO] Applying R3 fix: Adding ExplanatoryHeader to singify-platform...
[2026-05-28T08:52:44.712Z] [WARN] R3: File not found: C:\Users\denni\PycharmProjects\singify-platform\singify-platform
[2026-05-28T08:52:44.712Z] [INFO] Applying R3 fix: Adding ExplanatoryHeader to singify-platform...
[2026-05-28T08:52:44.713Z] [WARN] R3: File not found: C:\Users\denni\PycharmProjects\singify-platform\singify-platform
[2026-05-28T08:52:44.713Z] [INFO] Applying R3 fix: Adding ExplanatoryHeader to singify-platform...
[2026-05-28T08:52:44.713Z] [WARN] R3: File not found: C:\Users\denni\PycharmProjects\singify-platform\singify-platform
[2026-05-28T08:52:44.713Z] [INFO] Applying R3 fix: Adding ExplanatoryHeader to singify-platform...
[2026-05-28T08:52:44.714Z] [WARN] R3: File not found: C:\Users\denni\PycharmProjects\singify-platform\singify-platform
[2026-05-28T08:52:44.714Z] [INFO] Applying R3 fix: Adding ExplanatoryHeader to singify-platform...
[2026-05-28T08:52:44.714Z] [WARN] R3: File not found: C:\Users\denni\PycharmProjects\singify-platform\singify-platform
[2026-05-28T08:52:44.715Z] [INFO] Applied fixes: R19, R3, R3, R3, R3, R3, R3, R3, R3
[2026-05-28T08:52:44.715Z] [INFO] Step 3: Re-running audit...
[2026-05-28T08:52:46.117Z] [INFO] Final audit: FAIL (9 remaining failures)
[2026-05-28T08:53:45.465Z] [SYSTEM] Compliance loop started
[2026-05-28T08:53:45.468Z] [INFO] === Starting compliance loop for: singify-platform ===
[2026-05-28T08:53:45.469Z] [INFO] Step 1: Running initial audit...
[2026-05-28T08:53:46.556Z] [INFO] Initial audit: FAIL (9 failures)
[2026-05-28T08:53:46.557Z] [INFO] Step 2: Applying 9 automatic fixes...
[2026-05-28T08:53:46.557Z] [INFO] Applying R19 fix: Adding CommitmentPanel to singify-platform...
[2026-05-28T08:53:46.558Z] [INFO] Product path: C:\Users\denni\PycharmProjects\singify-platform
[2026-05-28T08:53:46.563Z] [INFO] Found page: C:\Users\denni\PycharmProjects\singify-platform\src\app\auth\forgot-password\page.tsx
[2026-05-28T08:53:46.564Z] [SKIP] R19: CommitmentPanel already present
[2026-05-28T08:53:46.564Z] [INFO] Applying R3 fix: Adding ExplanatoryHeader to singify-platform...
[2026-05-28T08:53:46.564Z] [WARN] R3: File not found: C:\Users\denni\PycharmProjects\singify-platform\singify-platform
[2026-05-28T08:53:46.564Z] [INFO] Applying R3 fix: Adding ExplanatoryHeader to singify-platform...
[2026-05-28T08:53:46.565Z] [WARN] R3: File not found: C:\Users\denni\PycharmProjects\singify-platform\singify-platform
[2026-05-28T08:53:46.565Z] [INFO] Applying R3 fix: Adding ExplanatoryHeader to singify-platform...
[2026-05-28T08:53:46.566Z] [WARN] R3: File not found: C:\Users\denni\PycharmProjects\singify-platform\singify-platform
[2026-05-28T08:53:46.566Z] [INFO] Applying R3 fix: Adding ExplanatoryHeader to singify-platform...
[2026-05-28T08:53:46.566Z] [WARN] R3: File not found: C:\Users\denni\PycharmProjects\singify-platform\singify-platform
[2026-05-28T08:53:46.566Z] [INFO] Applying R3 fix: Adding ExplanatoryHeader to singify-platform...
[2026-05-28T08:53:46.567Z] [WARN] R3: File not found: C:\Users\denni\PycharmProjects\singify-platform\singify-platform
[2026-05-28T08:53:46.567Z] [INFO] Applying R3 fix: Adding ExplanatoryHeader to singify-platform...
[2026-05-28T08:53:46.567Z] [WARN] R3: File not found: C:\Users\denni\PycharmProjects\singify-platform\singify-platform
[2026-05-28T08:53:46.567Z] [INFO] Applying R3 fix: Adding ExplanatoryHeader to singify-platform...
[2026-05-28T08:53:46.567Z] [WARN] R3: File not found: C:\Users\denni\PycharmProjects\singify-platform\singify-platform
[2026-05-28T08:53:46.568Z] [INFO] Applying R3 fix: Adding ExplanatoryHeader to singify-platform...
[2026-05-28T08:53:46.568Z] [WARN] R3: File not found: C:\Users\denni\PycharmProjects\singify-platform\singify-platform
[2026-05-28T08:53:46.568Z] [INFO] Applied fixes: R19, R3, R3, R3, R3, R3, R3, R3, R3
[2026-05-28T08:53:46.568Z] [INFO] Step 3: Re-running audit...
[2026-05-28T08:53:47.662Z] [INFO] Final audit: FAIL (9 remaining failures)
[2026-05-28T08:55:40.094Z] [SYSTEM] Compliance loop started
[2026-05-28T08:55:40.096Z] [INFO] === Starting compliance loop for: singify-platform ===
[2026-05-28T08:55:40.096Z] [INFO] Step 1: Running initial audit...
[2026-05-28T08:55:41.219Z] [INFO] Initial audit: FAIL (9 failures)
[2026-05-28T08:55:41.220Z] [INFO] Step 2: Applying 9 automatic fixes...
[2026-05-28T08:55:41.220Z] [INFO] Applying R19 fix: Adding CommitmentPanel to singify-platform...
[2026-05-28T08:55:41.220Z] [INFO] Product path: C:\Users\denni\PycharmProjects\singify-platform
[2026-05-28T08:55:41.223Z] [INFO] Found page: C:\Users\denni\PycharmProjects\singify-platform\src\app\auth\forgot-password\page.tsx
[2026-05-28T08:55:41.223Z] [INFO] R19: Added CommitmentPanel to C:\Users\denni\PycharmProjects\singify-platform\src\app\auth\forgot-password\page.tsx
[2026-05-28T08:55:41.224Z] [INFO] Applying R3 fix: Adding ExplanatoryHeader to singify-platform...
[2026-05-28T08:55:41.224Z] [WARN] R3: File not found: C:\Users\denni\PycharmProjects\singify-platform\singify-platform
[2026-05-28T08:55:41.224Z] [INFO] Applying R3 fix: Adding ExplanatoryHeader to singify-platform...
[2026-05-28T08:55:41.225Z] [WARN] R3: File not found: C:\Users\denni\PycharmProjects\singify-platform\singify-platform
[2026-05-28T08:55:41.225Z] [INFO] Applying R3 fix: Adding ExplanatoryHeader to singify-platform...
[2026-05-28T08:55:41.225Z] [WARN] R3: File not found: C:\Users\denni\PycharmProjects\singify-platform\singify-platform
[2026-05-28T08:55:41.225Z] [INFO] Applying R3 fix: Adding ExplanatoryHeader to singify-platform...
[2026-05-28T08:55:41.225Z] [WARN] R3: File not found: C:\Users\denni\PycharmProjects\singify-platform\singify-platform
[2026-05-28T08:55:41.226Z] [INFO] Applying R3 fix: Adding ExplanatoryHeader to singify-platform...
[2026-05-28T08:55:41.226Z] [WARN] R3: File not found: C:\Users\denni\PycharmProjects\singify-platform\singify-platform
[2026-05-28T08:55:41.226Z] [INFO] Applying R3 fix: Adding ExplanatoryHeader to singify-platform...
[2026-05-28T08:55:41.226Z] [WARN] R3: File not found: C:\Users\denni\PycharmProjects\singify-platform\singify-platform
[2026-05-28T08:55:41.226Z] [INFO] Applying R3 fix: Adding ExplanatoryHeader to singify-platform...
[2026-05-28T08:55:41.226Z] [WARN] R3: File not found: C:\Users\denni\PycharmProjects\singify-platform\singify-platform
[2026-05-28T08:55:41.227Z] [INFO] Applying R3 fix: Adding ExplanatoryHeader to singify-platform...
[2026-05-28T08:55:41.227Z] [WARN] R3: File not found: C:\Users\denni\PycharmProjects\singify-platform\singify-platform
[2026-05-28T08:55:41.227Z] [INFO] Applied fixes: R19, R3, R3, R3, R3, R3, R3, R3, R3
[2026-05-28T08:55:41.227Z] [INFO] Step 3: Re-running audit...
[2026-05-28T08:55:42.705Z] [INFO] Final audit: FAIL (9 remaining failures)
[2026-05-28T08:56:35.179Z] [SYSTEM] Compliance loop started
[2026-05-28T08:56:35.182Z] [INFO] === Starting compliance loop for: singify-platform ===
[2026-05-28T08:56:35.183Z] [INFO] Step 1: Running initial audit...
[2026-05-28T08:56:37.200Z] [INFO] Initial audit: FAIL (9 failures)
[2026-05-28T08:56:37.202Z] [INFO] Step 2: Applying 9 automatic fixes...
[2026-05-28T08:56:37.203Z] [INFO] Applying R19 fix: Adding CommitmentPanel to singify-platform...
[2026-05-28T08:56:37.203Z] [INFO] Product path: C:\Users\denni\PycharmProjects\singify-platform
[2026-05-28T08:56:37.209Z] [INFO] Found page: C:\Users\denni\PycharmProjects\singify-platform\src\app\auth\forgot-password\page.tsx
[2026-05-28T08:56:37.210Z] [INFO] R19: Added CommitmentPanel to C:\Users\denni\PycharmProjects\singify-platform\src\app\auth\forgot-password\page.tsx
[2026-05-28T08:56:37.211Z] [INFO] Applying R3 fix: Adding ExplanatoryHeader to singify-platform...
[2026-05-28T08:56:37.211Z] [INFO] DEBUG: productPath=C:\Users\denni\PycharmProjects\singify-platform, file=singify-platform
[2026-05-28T08:56:37.211Z] [WARN] R3: File not found: C:\Users\denni\PycharmProjects\singify-platform\singify-platform
[2026-05-28T08:56:37.211Z] [INFO] Applying R3 fix: Adding ExplanatoryHeader to singify-platform...
[2026-05-28T08:56:37.212Z] [INFO] DEBUG: productPath=C:\Users\denni\PycharmProjects\singify-platform, file=singify-platform
[2026-05-28T08:56:37.212Z] [WARN] R3: File not found: C:\Users\denni\PycharmProjects\singify-platform\singify-platform
[2026-05-28T08:56:37.212Z] [INFO] Applying R3 fix: Adding ExplanatoryHeader to singify-platform...
[2026-05-28T08:56:37.212Z] [INFO] DEBUG: productPath=C:\Users\denni\PycharmProjects\singify-platform, file=singify-platform
[2026-05-28T08:56:37.213Z] [WARN] R3: File not found: C:\Users\denni\PycharmProjects\singify-platform\singify-platform
[2026-05-28T08:56:37.213Z] [INFO] Applying R3 fix: Adding ExplanatoryHeader to singify-platform...
[2026-05-28T08:56:37.213Z] [INFO] DEBUG: productPath=C:\Users\denni\PycharmProjects\singify-platform, file=singify-platform
[2026-05-28T08:56:37.213Z] [WARN] R3: File not found: C:\Users\denni\PycharmProjects\singify-platform\singify-platform
[2026-05-28T08:56:37.214Z] [INFO] Applying R3 fix: Adding ExplanatoryHeader to singify-platform...
[2026-05-28T08:56:37.214Z] [INFO] DEBUG: productPath=C:\Users\denni\PycharmProjects\singify-platform, file=singify-platform
[2026-05-28T08:56:37.214Z] [WARN] R3: File not found: C:\Users\denni\PycharmProjects\singify-platform\singify-platform
[2026-05-28T08:56:37.214Z] [INFO] Applying R3 fix: Adding ExplanatoryHeader to singify-platform...
[2026-05-28T08:56:37.214Z] [INFO] DEBUG: productPath=C:\Users\denni\PycharmProjects\singify-platform, file=singify-platform
[2026-05-28T08:56:37.215Z] [WARN] R3: File not found: C:\Users\denni\PycharmProjects\singify-platform\singify-platform
[2026-05-28T08:56:37.215Z] [INFO] Applying R3 fix: Adding ExplanatoryHeader to singify-platform...
[2026-05-28T08:56:37.215Z] [INFO] DEBUG: productPath=C:\Users\denni\PycharmProjects\singify-platform, file=singify-platform
[2026-05-28T08:56:37.215Z] [WARN] R3: File not found: C:\Users\denni\PycharmProjects\singify-platform\singify-platform
[2026-05-28T08:56:37.215Z] [INFO] Applying R3 fix: Adding ExplanatoryHeader to singify-platform...
[2026-05-28T08:56:37.215Z] [INFO] DEBUG: productPath=C:\Users\denni\PycharmProjects\singify-platform, file=singify-platform
[2026-05-28T08:56:37.216Z] [WARN] R3: File not found: C:\Users\denni\PycharmProjects\singify-platform\singify-platform
[2026-05-28T08:56:37.216Z] [INFO] Applied fixes: R19, R3, R3, R3, R3, R3, R3, R3, R3
[2026-05-28T08:56:37.216Z] [INFO] Step 3: Re-running audit...
[2026-05-28T08:56:38.488Z] [INFO] Final audit: FAIL (9 remaining failures)
[2026-05-28T08:59:14.562Z] [SYSTEM] Compliance loop started
[2026-05-28T08:59:14.575Z] [INFO] === Starting compliance loop for: singify-platform ===
[2026-05-28T08:59:14.576Z] [INFO] Step 1: Running initial audit...
[2026-05-28T08:59:16.343Z] [INFO] Initial audit: FAIL (9 failures)
[2026-05-28T08:59:16.344Z] [INFO] Step 2: Applying 9 automatic fixes...
[2026-05-28T08:59:16.344Z] [INFO] Applying R19 fix: Adding CommitmentPanel to singify-platform...
[2026-05-28T08:59:16.345Z] [INFO] Product path: C:\Users\denni\PycharmProjects\singify-platform
[2026-05-28T08:59:16.349Z] [INFO] Found page: C:\Users\denni\PycharmProjects\singify-platform\src\app\auth\forgot-password\page.tsx
[2026-05-28T08:59:16.350Z] [INFO] R19: Added CommitmentPanel to C:\Users\denni\PycharmProjects\singify-platform\src\app\auth\forgot-password\page.tsx
[2026-05-28T08:59:16.351Z] [SKIP] R3: ExplanatoryHeader already present
[2026-05-28T08:59:16.351Z] [INFO] R3: Added ExplanatoryHeader to C:\Users\denni\PycharmProjects\singify-platform\src\app\auth\reset-password\page.tsx
[2026-05-28T08:59:16.352Z] [INFO] R3: Added ExplanatoryHeader to C:\Users\denni\PycharmProjects\singify-platform\src\app\login\page.tsx
[2026-05-28T08:59:16.353Z] [INFO] R3: Added ExplanatoryHeader to C:\Users\denni\PycharmProjects\singify-platform\src\app\page.tsx
[2026-05-28T08:59:16.354Z] [INFO] R3: Added ExplanatoryHeader to C:\Users\denni\PycharmProjects\singify-platform\src\app\settings\page.tsx
[2026-05-28T08:59:16.355Z] [INFO] R3: Added ExplanatoryHeader to C:\Users\denni\PycharmProjects\singify-platform\src\app\signup\page.tsx
[2026-05-28T08:59:16.356Z] [INFO] R3: Added ExplanatoryHeader to C:\Users\denni\PycharmProjects\singify-platform\src\app\sing\page.tsx
[2026-05-28T08:59:16.356Z] [INFO] R3: Added ExplanatoryHeader to C:\Users\denni\PycharmProjects\singify-platform\src\app\terms\page.tsx
[2026-05-28T08:59:16.356Z] [INFO] Applied fixes: R19, R3, R3, R3, R3, R3, R3, R3, R3
[2026-05-28T08:59:16.357Z] [INFO] Step 3: Re-running audit...
[2026-05-28T08:59:17.520Z] [INFO] Final audit: FAIL (2 remaining failures)
[2026-05-28T08:59:53.379Z] [SYSTEM] Compliance loop started
[2026-05-28T08:59:53.382Z] [INFO] === Starting compliance loop for: singify-platform ===
[2026-05-28T08:59:53.384Z] [INFO] Step 1: Running initial audit...
[2026-05-28T08:59:54.830Z] [INFO] Initial audit: FAIL (2 failures)
[2026-05-28T08:59:54.831Z] [INFO] Step 2: Applying 2 automatic fixes...
[2026-05-28T08:59:54.832Z] [INFO] Applying R19 fix: Adding CommitmentPanel to singify-platform...
[2026-05-28T08:59:54.832Z] [INFO] Product path: C:\Users\denni\PycharmProjects\singify-platform
[2026-05-28T08:59:54.833Z] [INFO] Found page: C:\Users\denni\PycharmProjects\singify-platform\src\app\login\page.tsx
[2026-05-28T08:59:54.833Z] [INFO] R19: Added CommitmentPanel to C:\Users\denni\PycharmProjects\singify-platform\src\app\login\page.tsx
[2026-05-28T08:59:54.834Z] [SKIP] R3: ExplanatoryHeader already present
[2026-05-28T08:59:54.834Z] [INFO] Applied fixes: R19, R3
[2026-05-28T08:59:54.834Z] [INFO] Step 3: Re-running audit...
[2026-05-28T08:59:56.009Z] [INFO] Final audit: FAIL (1 remaining failures)
[2026-05-28T09:00:15.934Z] [SYSTEM] Compliance loop started
[2026-05-28T09:00:15.936Z] [INFO] === Starting compliance loop for: singify-platform ===
[2026-05-28T09:00:15.937Z] [INFO] Step 1: Running initial audit...
[2026-05-28T09:00:17.546Z] [INFO] Initial audit: FAIL (1 failures)
[2026-05-28T09:00:17.546Z] [INFO] Step 2: Applying 1 automatic fixes...
[2026-05-28T09:00:17.547Z] [SKIP] R3: ExplanatoryHeader already present
[2026-05-28T09:00:17.547Z] [INFO] Applied fixes: R3
[2026-05-28T09:00:17.548Z] [INFO] Step 3: Re-running audit...
[2026-05-28T09:00:18.848Z] [INFO] Final audit: FAIL (1 remaining failures)
[2026-05-28T09:01:01.040Z] [SYSTEM] Compliance loop started
[2026-05-28T09:01:01.042Z] [INFO] === Starting compliance loop for: singify-platform ===
[2026-05-28T09:01:01.043Z] [INFO] Step 1: Running initial audit...
[2026-05-28T09:01:02.161Z] [INFO] Initial audit: FAIL (1 failures)
[2026-05-28T09:01:02.161Z] [INFO] Step 2: Applying 1 automatic fixes...
[2026-05-28T09:01:02.162Z] [INFO] R3: Added ExplanatoryHeader to C:\Users\denni\PycharmProjects\singify-platform\src\app\auth\forgot-password\page.tsx
[2026-05-28T09:01:02.162Z] [INFO] Applied fixes: R3
[2026-05-28T09:01:02.162Z] [INFO] Step 3: Re-running audit...
[2026-05-28T09:01:03.378Z] [INFO] Final audit: PASS (0 remaining failures)
[2026-05-28T09:01:13.500Z] [SYSTEM] Compliance loop started
[2026-05-28T09:01:13.503Z] [INFO] === Starting compliance loop for: DealFindrs ===
[2026-05-28T09:01:13.503Z] [INFO] Step 1: Running initial audit...
[2026-05-28T09:01:13.632Z] [INFO] Initial audit: FAIL (12 failures)
[2026-05-28T09:01:13.633Z] [INFO] Step 2: Applying 12 automatic fixes...
[2026-05-28T09:01:13.633Z] [INFO] Applying R19 fix: Adding CommitmentPanel to DealFindrs...
[2026-05-28T09:01:13.634Z] [INFO] Product path: C:\Users\denni\PycharmProjects\DealFindrs
[2026-05-28T09:01:13.635Z] [INFO] Found page: C:\Users\denni\PycharmProjects\DealFindrs\src\app\admin\elevenlabs\page.tsx
[2026-05-28T09:01:13.635Z] [INFO] R19: Added CommitmentPanel to C:\Users\denni\PycharmProjects\DealFindrs\src\app\admin\elevenlabs\page.tsx
[2026-05-28T09:01:13.638Z] [INFO] R3: Added ExplanatoryHeader to C:\Users\denni\PycharmProjects\DealFindrs\src\app\admin\page.tsx
[2026-05-28T09:01:13.641Z] [INFO] R3: Added ExplanatoryHeader to C:\Users\denni\PycharmProjects\DealFindrs\src\app\analytics\page.tsx
[2026-05-28T09:01:13.642Z] [INFO] R3: Added ExplanatoryHeader to C:\Users\denni\PycharmProjects\DealFindrs\src\app\dashboard\page.tsx
[2026-05-28T09:01:13.643Z] [INFO] R3: Added ExplanatoryHeader to C:\Users\denni\PycharmProjects\DealFindrs\src\app\onboarding\page.tsx
[2026-05-28T09:01:13.643Z] [INFO] R3: Added ExplanatoryHeader to C:\Users\denni\PycharmProjects\DealFindrs\src\app\opportunities\page.tsx
[2026-05-28T09:01:13.644Z] [INFO] R3: Added ExplanatoryHeader to C:\Users\denni\PycharmProjects\DealFindrs\src\app\page.tsx
[2026-05-28T09:01:13.645Z] [INFO] R3: Added ExplanatoryHeader to C:\Users\denni\PycharmProjects\DealFindrs\src\app\pricing\page.tsx
[2026-05-28T09:01:13.645Z] [INFO] R3: Added ExplanatoryHeader to C:\Users\denni\PycharmProjects\DealFindrs\src\app\reports\page.tsx
[2026-05-28T09:01:13.646Z] [INFO] R3: Added ExplanatoryHeader to C:\Users\denni\PycharmProjects\DealFindrs\src\app\settings\page.tsx
[2026-05-28T09:01:13.647Z] [INFO] R3: Added ExplanatoryHeader to C:\Users\denni\PycharmProjects\DealFindrs\src\app\setup\page.tsx
[2026-05-28T09:01:13.648Z] [INFO] R3: Added ExplanatoryHeader to C:\Users\denni\PycharmProjects\DealFindrs\src\app\team\page.tsx
[2026-05-28T09:01:13.648Z] [INFO] Applied fixes: R19, R3, R3, R3, R3, R3, R3, R3, R3, R3, R3, R3
[2026-05-28T09:01:13.648Z] [INFO] Step 3: Re-running audit...
[2026-05-28T09:01:13.728Z] [INFO] Final audit: FAIL (1 remaining failures)
[2026-05-28T09:01:29.780Z] [SYSTEM] Compliance loop started
[2026-05-28T09:01:29.782Z] [INFO] === Starting compliance loop for: DealFindrs ===
[2026-05-28T09:01:29.783Z] [INFO] Step 1: Running initial audit...
[2026-05-28T09:01:29.871Z] [INFO] Initial audit: FAIL (1 failures)
[2026-05-28T09:01:29.872Z] [INFO] Step 2: Applying 1 automatic fixes...
[2026-05-28T09:01:29.872Z] [INFO] Applying R19 fix: Adding CommitmentPanel to DealFindrs...
[2026-05-28T09:01:29.873Z] [INFO] Product path: C:\Users\denni\PycharmProjects\DealFindrs
[2026-05-28T09:01:29.874Z] [INFO] Found page: C:\Users\denni\PycharmProjects\DealFindrs\src\app\analytics\page.tsx
[2026-05-28T09:01:29.875Z] [INFO] R19: Added CommitmentPanel to C:\Users\denni\PycharmProjects\DealFindrs\src\app\analytics\page.tsx
[2026-05-28T09:01:29.875Z] [INFO] Applied fixes: R19
[2026-05-28T09:01:29.875Z] [INFO] Step 3: Re-running audit...
[2026-05-28T09:01:29.961Z] [INFO] Final audit: PASS (0 remaining failures)
[2026-05-28T09:01:36.367Z] [SYSTEM] Compliance loop started
[2026-05-28T09:01:36.369Z] [INFO] === Starting compliance loop for: R-and-D-Tax-Eligibility-Work-Recording ===
[2026-05-28T09:01:36.370Z] [INFO] Step 1: Running initial audit...
[2026-05-28T09:01:36.589Z] [INFO] Initial audit: FAIL (14 failures)
[2026-05-28T09:01:36.590Z] [INFO] Step 2: Applying 14 automatic fixes...
[2026-05-28T09:01:36.590Z] [INFO] Applying R19 fix: Adding CommitmentPanel to R-and-D-Tax-Eligibility-Work-Recording...
[2026-05-28T09:01:36.591Z] [INFO] Product path: C:\Users\denni\PycharmProjects\R-and-D-Tax-Eligibility-Work-Recording
[2026-05-28T09:01:36.592Z] [INFO] Found page: C:\Users\denni\PycharmProjects\R-and-D-Tax-Eligibility-Work-Recording\src\app\(app)\daily-digest\page.tsx
[2026-05-28T09:01:36.593Z] [INFO] R19: Added CommitmentPanel to C:\Users\denni\PycharmProjects\R-and-D-Tax-Eligibility-Work-Recording\src\app\(app)\daily-digest\page.tsx
[2026-05-28T09:01:36.593Z] [INFO] Applying R20 fix: Adding VoiceWidget to R-and-D-Tax-Eligibility-Work-Recording...
[2026-05-28T09:01:36.593Z] [INFO] Product path: C:\Users\denni\PycharmProjects\R-and-D-Tax-Eligibility-Work-Recording
[2026-05-28T09:01:36.594Z] [INFO] Found layout: C:\Users\denni\PycharmProjects\R-and-D-Tax-Eligibility-Work-Recording\src\app\(app)\admin\layout.tsx
[2026-05-28T09:01:36.595Z] [INFO] R20: Added VoiceWidget to C:\Users\denni\PycharmProjects\R-and-D-Tax-Eligibility-Work-Recording\src\app\(app)\admin\layout.tsx
[2026-05-28T09:01:36.596Z] [INFO] R3: Added ExplanatoryHeader to C:\Users\denni\PycharmProjects\R-and-D-Tax-Eligibility-Work-Recording\src\app\(app)\daily-digest\page.tsx
[2026-05-28T09:01:36.597Z] [INFO] R3: Added ExplanatoryHeader to C:\Users\denni\PycharmProjects\R-and-D-Tax-Eligibility-Work-Recording\src\app\(app)\dashboard\page.tsx
[2026-05-28T09:01:36.597Z] [INFO] R3: Added ExplanatoryHeader to C:\Users\denni\PycharmProjects\R-and-D-Tax-Eligibility-Work-Recording\src\app\(app)\onboarding\page.tsx
[2026-05-28T09:01:36.598Z] [INFO] R3: Added ExplanatoryHeader to C:\Users\denni\PycharmProjects\R-and-D-Tax-Eligibility-Work-Recording\src\app\(app)\projects\page.tsx
[2026-05-28T09:01:36.599Z] [INFO] R3: Added ExplanatoryHeader to C:\Users\denni\PycharmProjects\R-and-D-Tax-Eligibility-Work-Recording\src\app\(app)\reports\page.tsx
[2026-05-28T09:01:36.600Z] [INFO] R3: Added ExplanatoryHeader to C:\Users\denni\PycharmProjects\R-and-D-Tax-Eligibility-Work-Recording\src\app\(app)\settings\page.tsx
[2026-05-28T09:01:36.601Z] [INFO] R3: Added ExplanatoryHeader to C:\Users\denni\PycharmProjects\R-and-D-Tax-Eligibility-Work-Recording\src\app\(marketing)\beta\page.tsx
[2026-05-28T09:01:36.601Z] [INFO] R3: Added ExplanatoryHeader to C:\Users\denni\PycharmProjects\R-and-D-Tax-Eligibility-Work-Recording\src\app\(marketing)\check\page.tsx
[2026-05-28T09:01:36.602Z] [INFO] R3: Added ExplanatoryHeader to C:\Users\denni\PycharmProjects\R-and-D-Tax-Eligibility-Work-Recording\src\app\(marketing)\contact\page.tsx
[2026-05-28T09:01:36.603Z] [INFO] R3: Added ExplanatoryHeader to C:\Users\denni\PycharmProjects\R-and-D-Tax-Eligibility-Work-Recording\src\app\(marketing)\page.tsx
[2026-05-28T09:01:36.604Z] [INFO] R3: Added ExplanatoryHeader to C:\Users\denni\PycharmProjects\R-and-D-Tax-Eligibility-Work-Recording\src\app\(marketing)\partners\page.tsx
[2026-05-28T09:01:36.605Z] [INFO] R3: Added ExplanatoryHeader to C:\Users\denni\PycharmProjects\R-and-D-Tax-Eligibility-Work-Recording\src\app\(marketing)\pricing\page.tsx
[2026-05-28T09:01:36.605Z] [INFO] Applied fixes: R19, R20, R3, R3, R3, R3, R3, R3, R3, R3, R3, R3, R3, R3
[2026-05-28T09:01:36.605Z] [INFO] Step 3: Re-running audit...
[2026-05-28T09:01:36.727Z] [INFO] Final audit: FAIL (1 remaining failures)
[2026-05-28T09:02:31.828Z] [SYSTEM] Compliance loop started
[2026-05-28T09:02:31.839Z] [INFO] === Starting compliance loop for: R-and-D-Tax-Eligibility-Work-Recording ===
[2026-05-28T09:02:31.840Z] [INFO] Step 1: Running initial audit...
[2026-05-28T09:02:32.053Z] [INFO] Initial audit: FAIL (1 failures)
[2026-05-28T09:02:32.053Z] [INFO] Step 2: Applying 1 automatic fixes...
[2026-05-28T09:02:32.054Z] [INFO] Applying R19 fix: Adding CommitmentPanel to R-and-D-Tax-Eligibility-Work-Recording...
[2026-05-28T09:02:32.054Z] [INFO] Product path: C:\Users\denni\PycharmProjects\R-and-D-Tax-Eligibility-Work-Recording
[2026-05-28T09:02:32.055Z] [INFO] Found page: C:\Users\denni\PycharmProjects\R-and-D-Tax-Eligibility-Work-Recording\src\app\(app)\daily-digest\page.tsx
[2026-05-28T09:02:32.056Z] [INFO] R19: Added CommitmentPanel to C:\Users\denni\PycharmProjects\R-and-D-Tax-Eligibility-Work-Recording\src\app\(app)\daily-digest\page.tsx
[2026-05-28T09:02:32.056Z] [INFO] Applied fixes: R19
[2026-05-28T09:02:32.057Z] [INFO] Step 3: Re-running audit...
[2026-05-28T09:02:32.174Z] [INFO] Final audit: PASS (0 remaining failures)
[2026-05-28T09:02:41.078Z] [SYSTEM] Compliance loop started
[2026-05-28T09:02:41.080Z] [INFO] Running compliance on all products...
[2026-05-28T09:03:23.964Z] [SYSTEM] Compliance loop started
[2026-05-28T09:03:23.967Z] [INFO] === Starting compliance loop for: sayfix ===
[2026-05-28T09:03:23.967Z] [INFO] Step 1: Running initial audit...
[2026-05-28T09:03:24.141Z] [INFO] Initial audit: FAIL (13 failures)
[2026-05-28T09:03:24.141Z] [INFO] Step 2: Applying 13 automatic fixes...
[2026-05-28T09:03:24.142Z] [INFO] Applying R19 fix: Adding CommitmentPanel to sayfix...
[2026-05-28T09:03:24.142Z] [INFO] Product path: C:\Users\denni\PycharmProjects\sayfix
[2026-05-28T09:03:24.143Z] [INFO] Found page: C:\Users\denni\PycharmProjects\sayfix\src\app\console\page.tsx
[2026-05-28T09:03:24.144Z] [INFO] R19: Added CommitmentPanel to C:\Users\denni\PycharmProjects\sayfix\src\app\console\page.tsx
[2026-05-28T09:03:24.145Z] [INFO] R3: Added ExplanatoryHeader to C:\Users\denni\PycharmProjects\sayfix\src\app\admin\page.tsx
[2026-05-28T09:03:24.146Z] [INFO] R3: Added ExplanatoryHeader to C:\Users\denni\PycharmProjects\sayfix\src\app\console\page.tsx
[2026-05-28T09:03:24.146Z] [INFO] R3: Added ExplanatoryHeader to C:\Users\denni\PycharmProjects\sayfix\src\app\forgot-password\page.tsx
[2026-05-28T09:03:24.147Z] [INFO] R3: Added ExplanatoryHeader to C:\Users\denni\PycharmProjects\sayfix\src\app\invite\[token]\page.tsx
[2026-05-28T09:03:24.148Z] [INFO] R3: Added ExplanatoryHeader to C:\Users\denni\PycharmProjects\sayfix\src\app\login\page.tsx
[2026-05-28T09:03:24.149Z] [INFO] R3: Added ExplanatoryHeader to C:\Users\denni\PycharmProjects\sayfix\src\app\new\page.tsx
[2026-05-28T09:03:24.149Z] [INFO] R3: Added ExplanatoryHeader to C:\Users\denni\PycharmProjects\sayfix\src\app\page.tsx
[2026-05-28T09:03:24.150Z] [INFO] R3: Added ExplanatoryHeader to C:\Users\denni\PycharmProjects\sayfix\src\app\reset-password\page.tsx
[2026-05-28T09:03:24.152Z] [INFO] R3: Added ExplanatoryHeader to C:\Users\denni\PycharmProjects\sayfix\src\app\settings\page.tsx
[2026-05-28T09:03:24.153Z] [INFO] R3: Added ExplanatoryHeader to C:\Users\denni\PycharmProjects\sayfix\src\app\signup\page.tsx
[2026-05-28T09:03:24.153Z] [INFO] R3: Added ExplanatoryHeader to C:\Users\denni\PycharmProjects\sayfix\src\app\tickets\page.tsx
[2026-05-28T09:03:24.154Z] [INFO] R3: Added ExplanatoryHeader to C:\Users\denni\PycharmProjects\sayfix\src\app\tickets\[id]\page.tsx
[2026-05-28T09:03:24.154Z] [INFO] Applied fixes: R19, R3, R3, R3, R3, R3, R3, R3, R3, R3, R3, R3, R3
[2026-05-28T09:03:24.155Z] [INFO] Step 3: Re-running audit...
[2026-05-28T09:03:24.250Z] [INFO] Final audit: PASS (0 remaining failures)
[2026-05-28T09:03:24.382Z] [SYSTEM] Compliance loop started
[2026-05-28T09:03:24.385Z] [INFO] === Starting compliance loop for: RehearsalsAI ===
[2026-05-28T09:03:24.386Z] [INFO] Step 1: Running initial audit...
[2026-05-28T09:03:24.520Z] [INFO] Initial audit: FAIL (4 failures)
[2026-05-28T09:03:24.520Z] [INFO] Step 2: Applying 4 automatic fixes...
[2026-05-28T09:03:24.521Z] [INFO] Applying R19 fix: Adding CommitmentPanel to RehearsalsAI...
[2026-05-28T09:03:24.521Z] [INFO] Product path: C:\Users\denni\PycharmProjects\RehearsalsAI
[2026-05-28T09:03:24.522Z] [INFO] Found page: C:\Users\denni\PycharmProjects\RehearsalsAI\src\app\associations\page.tsx
[2026-05-28T09:03:24.523Z] [INFO] R19: Added CommitmentPanel to C:\Users\denni\PycharmProjects\RehearsalsAI\src\app\associations\page.tsx
[2026-05-28T09:03:24.523Z] [INFO] Applying R20 fix: Adding VoiceWidget to RehearsalsAI...
[2026-05-28T09:03:24.524Z] [INFO] Product path: C:\Users\denni\PycharmProjects\RehearsalsAI
[2026-05-28T09:03:24.525Z] [INFO] Found layout: C:\Users\denni\PycharmProjects\RehearsalsAI\src\app\associations\layout.tsx
[2026-05-28T09:03:24.525Z] [INFO] R20: Added VoiceWidget to C:\Users\denni\PycharmProjects\RehearsalsAI\src\app\associations\layout.tsx
[2026-05-28T09:03:24.526Z] [INFO] R3: Added ExplanatoryHeader to C:\Users\denni\PycharmProjects\RehearsalsAI\src\app\associations\page.tsx
[2026-05-28T09:03:24.527Z] [INFO] R3: Added ExplanatoryHeader to C:\Users\denni\PycharmProjects\RehearsalsAI\src\app\page.tsx
[2026-05-28T09:03:24.527Z] [INFO] Applied fixes: R19, R20, R3, R3
[2026-05-28T09:03:24.528Z] [INFO] Step 3: Re-running audit...
[2026-05-28T09:03:24.581Z] [INFO] Final audit: PASS (0 remaining failures)
[2026-05-28T09:03:24.696Z] [SYSTEM] Compliance loop started
[2026-05-28T09:03:24.698Z] [INFO] === Starting compliance loop for: TourLingo ===
[2026-05-28T09:03:24.699Z] [INFO] Step 1: Running initial audit...
[2026-05-28T09:03:24.869Z] [INFO] Initial audit: FAIL (13 failures)
[2026-05-28T09:03:24.869Z] [INFO] Step 2: Applying 13 automatic fixes...
[2026-05-28T09:03:24.871Z] [INFO] Applying R19 fix: Adding CommitmentPanel to TourLingo...
[2026-05-28T09:03:24.871Z] [INFO] Product path: C:\Users\denni\PycharmProjects\TourLingo
[2026-05-28T09:03:24.872Z] [WARN] Could not find target page for R19 fix
[2026-05-28T09:03:24.873Z] [INFO] R3: Added ExplanatoryHeader to C:\Users\denni\PycharmProjects\TourLingo\apps\operator\src\app\(dashboard)\dashboard\page.tsx
[2026-05-28T09:03:24.874Z] [INFO] R3: Added ExplanatoryHeader to C:\Users\denni\PycharmProjects\TourLingo\apps\operator\src\app\languages\page.tsx
[2026-05-28T09:03:24.875Z] [INFO] R3: Added ExplanatoryHeader to C:\Users\denni\PycharmProjects\TourLingo\apps\operator\src\app\onboarding\page.tsx
[2026-05-28T09:03:24.875Z] [INFO] R3: Added ExplanatoryHeader to C:\Users\denni\PycharmProjects\TourLingo\apps\operator\src\app\page.tsx
[2026-05-28T09:03:24.876Z] [INFO] R3: Added ExplanatoryHeader to C:\Users\denni\PycharmProjects\TourLingo\apps\operator\src\app\pricing\page.tsx
[2026-05-28T09:03:24.876Z] [INFO] R3: Added ExplanatoryHeader to C:\Users\denni\PycharmProjects\TourLingo\apps\operator\src\app\setup\page.tsx
[2026-05-28T09:03:24.877Z] [INFO] R3: Added ExplanatoryHeader to C:\Users\denni\PycharmProjects\TourLingo\apps\web\src\app\docs\page.tsx
[2026-05-28T09:03:24.878Z] [INFO] R3: Added ExplanatoryHeader to C:\Users\denni\PycharmProjects\TourLingo\apps\web\src\app\help\page.tsx
[2026-05-28T09:03:24.879Z] [INFO] R3: Added ExplanatoryHeader to C:\Users\denni\PycharmProjects\TourLingo\apps\web\src\app\join\page.tsx
[2026-05-28T09:03:24.880Z] [INFO] R3: Added ExplanatoryHeader to C:\Users\denni\PycharmProjects\TourLingo\apps\web\src\app\page.tsx
[2026-05-28T09:03:24.880Z] [INFO] R3: Added ExplanatoryHeader to C:\Users\denni\PycharmProjects\TourLingo\apps\web\src\app\privacy\page.tsx
[2026-05-28T09:03:24.881Z] [INFO] R3: Added ExplanatoryHeader to C:\Users\denni\PycharmProjects\TourLingo\apps\web\src\app\terms\page.tsx
[2026-05-28T09:03:24.881Z] [INFO] Applied fixes: R19, R3, R3, R3, R3, R3, R3, R3, R3, R3, R3, R3, R3
[2026-05-28T09:03:24.881Z] [INFO] Step 3: Re-running audit...
[2026-05-28T09:03:24.995Z] [INFO] Final audit: FAIL (2 remaining failures)
[2026-05-28T09:03:57.510Z] [SYSTEM] Compliance loop started
[2026-05-28T09:03:57.512Z] [INFO] === Starting compliance loop for: TourLingo ===
[2026-05-28T09:03:57.512Z] [INFO] Step 1: Running initial audit...
[2026-05-28T09:03:57.673Z] [INFO] Initial audit: FAIL (2 failures)
[2026-05-28T09:03:57.673Z] [INFO] Step 2: Applying 2 automatic fixes...
[2026-05-28T09:03:57.674Z] [INFO] Applying R19 fix: Adding CommitmentPanel to TourLingo...
[2026-05-28T09:03:57.674Z] [INFO] Product path: C:\Users\denni\PycharmProjects\TourLingo
[2026-05-28T09:03:57.676Z] [INFO] Found page: C:\Users\denni\PycharmProjects\TourLingo\apps\operator\src\app\(dashboard)\dashboard\archives\page.tsx
[2026-05-28T09:03:57.677Z] [INFO] R19: Added CommitmentPanel to C:\Users\denni\PycharmProjects\TourLingo\apps\operator\src\app\(dashboard)\dashboard\archives\page.tsx
[2026-05-28T09:03:57.678Z] [INFO] R3: Added ExplanatoryHeader to C:\Users\denni\PycharmProjects\TourLingo\apps\operator\src\app\setup\page.tsx
[2026-05-28T09:03:57.679Z] [INFO] Applied fixes: R19, R3
[2026-05-28T09:03:57.679Z] [INFO] Step 3: Re-running audit...
[2026-05-28T09:03:57.842Z] [INFO] Final audit: FAIL (1 remaining failures)
[2026-05-28T09:05:03.341Z] [SYSTEM] Compliance loop started
[2026-05-28T09:05:03.344Z] [INFO] === Starting compliance loop for: TourLingo ===
[2026-05-28T09:05:03.344Z] [INFO] Step 1: Running initial audit...
[2026-05-28T09:05:03.490Z] [INFO] Initial audit: PASS (0 failures)
[2026-05-28T09:05:03.491Z] [INFO] Product already compliant!
[2026-05-28T09:05:12.981Z] [SYSTEM] Compliance loop started
[2026-05-28T09:05:12.983Z] [INFO] === Starting compliance loop for: singify-platform ===
[2026-05-28T09:05:12.984Z] [INFO] Step 1: Running initial audit...
[2026-05-28T09:05:15.243Z] [INFO] Initial audit: PASS (0 failures)
[2026-05-28T09:05:15.244Z] [INFO] Product already compliant!
[2026-05-28T09:05:15.387Z] [SYSTEM] Compliance loop started
[2026-05-28T09:05:15.389Z] [INFO] === Starting compliance loop for: DealFindrs ===
[2026-05-28T09:05:15.390Z] [INFO] Step 1: Running initial audit...
[2026-05-28T09:05:15.560Z] [INFO] Initial audit: PASS (0 failures)
[2026-05-28T09:05:15.560Z] [INFO] Product already compliant!
[2026-05-28T09:05:15.665Z] [SYSTEM] Compliance loop started
[2026-05-28T09:05:15.668Z] [INFO] === Starting compliance loop for: R-and-D-Tax-Eligibility-Work-Recording ===
[2026-05-28T09:05:15.668Z] [INFO] Step 1: Running initial audit...
[2026-05-28T09:05:15.829Z] [INFO] Initial audit: PASS (0 failures)
[2026-05-28T09:05:15.830Z] [INFO] Product already compliant!
[2026-05-28T09:05:15.932Z] [SYSTEM] Compliance loop started
[2026-05-28T09:05:15.935Z] [INFO] === Starting compliance loop for: sayfix ===
[2026-05-28T09:05:15.935Z] [INFO] Step 1: Running initial audit...
[2026-05-28T09:05:16.021Z] [INFO] Initial audit: PASS (0 failures)
[2026-05-28T09:05:16.021Z] [INFO] Product already compliant!
[2026-05-28T09:05:16.126Z] [SYSTEM] Compliance loop started
[2026-05-28T09:05:16.128Z] [INFO] === Starting compliance loop for: RehearsalsAI ===
[2026-05-28T09:05:16.129Z] [INFO] Step 1: Running initial audit...
[2026-05-28T09:05:16.189Z] [INFO] Initial audit: PASS (0 failures)
[2026-05-28T09:05:16.190Z] [INFO] Product already compliant!
[2026-05-28T09:05:16.291Z] [SYSTEM] Compliance loop started
[2026-05-28T09:05:16.294Z] [INFO] === Starting compliance loop for: TourLingo ===
[2026-05-28T09:05:16.295Z] [INFO] Step 1: Running initial audit...
[2026-05-28T09:05:16.415Z] [INFO] Initial audit: PASS (0 failures)
[2026-05-28T09:05:16.415Z] [INFO] Product already compliant!
[2026-05-28T09:19:53.761Z] [SYSTEM] Compliance loop started
[2026-05-28T09:19:53.763Z] [INFO] === Starting compliance loop for: singify-platform ===
[2026-05-28T09:19:53.764Z] [INFO] Step 1: Running initial audit...
[2026-05-28T09:19:55.576Z] [INFO] Initial audit: FAIL (1 failures)
[2026-05-28T09:19:55.577Z] [INFO] Step 2: Applying 1 automatic fixes...
[2026-05-28T09:19:55.577Z] [INFO] Applied fixes: none
[2026-05-28T09:19:55.578Z] [INFO] Step 3: Re-running audit...
[2026-05-28T09:19:57.059Z] [INFO] Final audit: FAIL (1 remaining failures)
[2026-05-28T09:20:05.834Z] [SYSTEM] Compliance loop started
[2026-05-28T09:20:05.837Z] [INFO] === Starting compliance loop for: DealFindrs ===
[2026-05-28T09:20:05.839Z] [INFO] Step 1: Running initial audit...
[2026-05-28T09:20:06.121Z] [INFO] Initial audit: FAIL (1 failures)
[2026-05-28T09:20:06.123Z] [INFO] Step 2: Applying 1 automatic fixes...
[2026-05-28T09:20:06.123Z] [INFO] Applied fixes: none
[2026-05-28T09:20:06.124Z] [INFO] Step 3: Re-running audit...
[2026-05-28T09:20:06.308Z] [INFO] Final audit: FAIL (1 remaining failures)
