[2026-05-28T09:33:16.936Z] [SYSTEM] Compliance loop started
[2026-05-28T09:33:16.945Z] [INFO] === Starting compliance loop for: singify-platform ===
[2026-05-28T09:33:16.945Z] [INFO] Step 1: Running initial audit...
[2026-05-28T09:33:19.524Z] [INFO] Initial audit: FAIL (3 failures)
[2026-05-28T09:33:19.524Z] [INFO] Step 2: Applying 3 fixes...
[2026-05-28T09:33:19.525Z] [WARN] §8.5: Manual fix required - see PRODUCT_STANDARDS.md
[2026-05-28T09:33:19.525Z] [WARN] #7: Manual fix required - see PRODUCT_STANDARDS.md
[2026-05-28T09:33:19.525Z] [WARN] #2: Manual fix required - see PRODUCT_STANDARDS.md
[2026-05-28T09:33:19.526Z] [INFO] Step 3: Re-running audit...
[2026-05-28T09:33:22.400Z] [INFO] Final audit: FAIL (3 remaining)
[2026-05-28T09:33:29.511Z] [SYSTEM] Compliance loop started
[2026-05-28T09:33:29.514Z] [INFO] === Starting compliance loop for: DealFindrs ===
[2026-05-28T09:33:29.515Z] [INFO] Step 1: Running initial audit...
[2026-05-28T09:33:29.706Z] [INFO] Initial audit: FAIL (2 failures)
[2026-05-28T09:33:29.706Z] [INFO] Step 2: Applying 2 fixes...
[2026-05-28T09:33:29.706Z] [WARN] §8.5: Manual fix required - see PRODUCT_STANDARDS.md
[2026-05-28T09:33:29.707Z] [WARN] #7: Manual fix required - see PRODUCT_STANDARDS.md
[2026-05-28T09:33:29.707Z] [INFO] Step 3: Re-running audit...
[2026-05-28T09:33:29.844Z] [INFO] Final audit: FAIL (2 remaining)
[2026-05-28T09:35:43.036Z] [SYSTEM] Compliance loop started
[2026-05-28T09:35:43.038Z] [INFO] === Starting compliance loop for: singify-platform ===
[2026-05-28T09:35:43.039Z] [INFO] Step 1: Running initial audit...
[2026-05-28T09:35:45.616Z] [INFO] Initial audit: FAIL (2 failures)
[2026-05-28T09:35:45.616Z] [INFO] Step 2: Applying 2 fixes...
[2026-05-28T09:35:45.616Z] [WARN] #7: Manual fix required - see PRODUCT_STANDARDS.md
[2026-05-28T09:35:45.616Z] [WARN] #2: Manual fix required - see PRODUCT_STANDARDS.md
[2026-05-28T09:35:45.617Z] [INFO] Step 3: Re-running audit...
[2026-05-28T09:35:47.853Z] [INFO] Final audit: FAIL (2 remaining)
[2026-05-28T09:37:17.793Z] [SYSTEM] Compliance loop started
[2026-05-28T09:37:17.796Z] [INFO] === Starting compliance loop for: singify-platform ===
[2026-05-28T09:37:17.797Z] [INFO] Step 1: Running initial audit...
[2026-05-28T09:37:19.925Z] [INFO] Initial audit: FAIL (2 failures)
[2026-05-28T09:37:19.925Z] [INFO] Step 2: Applying 2 fixes...
[2026-05-28T09:37:19.926Z] [WARN] #7: Manual fix required - see PRODUCT_STANDARDS.md
[2026-05-28T09:37:19.927Z] [WARN] #2: Manual fix required - see PRODUCT_STANDARDS.md
[2026-05-28T09:37:19.927Z] [INFO] Step 3: Re-running audit...
[2026-05-28T09:37:22.744Z] [INFO] Final audit: FAIL (2 remaining)
[2026-05-28T09:38:53.115Z] [SYSTEM] Compliance loop started
[2026-05-28T09:38:53.118Z] [INFO] === Starting compliance loop for: singify-platform ===
[2026-05-28T09:38:53.118Z] [INFO] Step 1: Running initial audit...
[2026-05-28T09:38:55.304Z] [INFO] Initial audit: FAIL (2 failures)
[2026-05-28T09:38:55.304Z] [INFO] Step 2: Applying 2 fixes...
[2026-05-28T09:38:55.304Z] [WARN] #7: Manual fix required - see PRODUCT_STANDARDS.md
[2026-05-28T09:38:55.305Z] [WARN] #2: Manual fix required - see PRODUCT_STANDARDS.md
[2026-05-28T09:38:55.305Z] [INFO] Step 3: Re-running audit...
[2026-05-28T09:38:57.392Z] [INFO] Final audit: FAIL (2 remaining)
[2026-05-28T09:40:12.382Z] [SYSTEM] Compliance loop started
[2026-05-28T09:40:12.385Z] [INFO] === Starting compliance loop for: singify-platform ===
[2026-05-28T09:40:12.386Z] [INFO] Step 1: Running initial audit...
[2026-05-28T09:40:15.672Z] [INFO] Initial audit: FAIL (2 failures)
[2026-05-28T09:40:15.673Z] [INFO] Step 2: Applying 2 fixes...
[2026-05-28T09:40:15.673Z] [WARN] #7: Manual fix required - see PRODUCT_STANDARDS.md
[2026-05-28T09:40:15.673Z] [WARN] #2: Manual fix required - see PRODUCT_STANDARDS.md
[2026-05-28T09:40:15.674Z] [INFO] Step 3: Re-running audit...
[2026-05-28T09:40:18.641Z] [INFO] Final audit: FAIL (2 remaining)
[2026-05-28T09:41:39.712Z] [SYSTEM] Compliance loop started
[2026-05-28T09:41:39.715Z] [INFO] === Starting compliance loop for: singify-platform ===
[2026-05-28T09:41:39.715Z] [INFO] Step 1: Running initial audit...
[2026-05-28T09:41:42.296Z] [INFO] Initial audit: FAIL (1 failures)
[2026-05-28T09:41:42.297Z] [INFO] Step 2: Applying 1 fixes...
[2026-05-28T09:41:42.297Z] [WARN] #2: Manual fix required - see PRODUCT_STANDARDS.md
[2026-05-28T09:41:42.297Z] [INFO] Step 3: Re-running audit...
[2026-05-28T09:41:44.577Z] [INFO] Final audit: FAIL (1 remaining)
[2026-05-28T09:43:30.496Z] [SYSTEM] Compliance loop started
[2026-05-28T09:43:30.498Z] [INFO] === Starting compliance loop for: singify-platform ===
[2026-05-28T09:43:30.499Z] [INFO] Step 1: Running initial audit...
[2026-05-28T09:43:33.214Z] [INFO] Initial audit: PASS (0 failures)
[2026-05-28T09:43:41.057Z] [SYSTEM] Compliance loop started
[2026-05-28T09:43:41.059Z] [INFO] === Starting compliance loop for: DealFindrs ===
[2026-05-28T09:43:41.060Z] [INFO] Step 1: Running initial audit...
[2026-05-28T09:43:41.247Z] [INFO] Initial audit: FAIL (1 failures)
[2026-05-28T09:43:41.247Z] [INFO] Step 2: Applying 1 fixes...
[2026-05-28T09:43:41.248Z] [WARN] §8.5: Manual fix required - see PRODUCT_STANDARDS.md
[2026-05-28T09:43:41.248Z] [INFO] Step 3: Re-running audit...
[2026-05-28T09:43:41.397Z] [INFO] Final audit: FAIL (1 remaining)
[2026-05-28T09:43:47.056Z] [SYSTEM] Compliance loop started
[2026-05-28T09:43:47.059Z] [INFO] === Starting compliance loop for: R-and-D-Tax-Eligibility-Work-Recording ===
[2026-05-28T09:43:47.060Z] [INFO] Step 1: Running initial audit...
[2026-05-28T09:43:47.371Z] [INFO] Initial audit: FAIL (1 failures)
[2026-05-28T09:43:47.372Z] [INFO] Step 2: Applying 1 fixes...
[2026-05-28T09:43:47.372Z] [WARN] §8.5: Manual fix required - see PRODUCT_STANDARDS.md
[2026-05-28T09:43:47.372Z] [INFO] Step 3: Re-running audit...
[2026-05-28T09:43:47.551Z] [INFO] Final audit: FAIL (1 remaining)
[2026-05-28T09:43:54.228Z] [SYSTEM] Compliance loop started
[2026-05-28T09:43:54.231Z] [INFO] === Starting compliance loop for: RehearsalsAI ===
[2026-05-28T09:43:54.232Z] [INFO] Step 1: Running initial audit...
[2026-05-28T09:43:54.377Z] [INFO] Initial audit: FAIL (3 failures)
[2026-05-28T09:43:54.377Z] [INFO] Step 2: Applying 3 fixes...
[2026-05-28T09:43:54.378Z] [WARN] §8.5: Manual fix required - see PRODUCT_STANDARDS.md
[2026-05-28T09:43:54.378Z] [WARN] §8.5: Manual fix required - see PRODUCT_STANDARDS.md
[2026-05-28T09:43:54.378Z] [WARN] §8.5: Manual fix required - see PRODUCT_STANDARDS.md
[2026-05-28T09:43:54.378Z] [INFO] Step 3: Re-running audit...
[2026-05-28T09:43:54.458Z] [INFO] Final audit: FAIL (3 remaining)
[2026-05-28T09:44:01.490Z] [SYSTEM] Compliance loop started
[2026-05-28T09:44:01.493Z] [INFO] === Starting compliance loop for: SayFix ===
[2026-05-28T09:44:01.494Z] [INFO] Step 1: Running initial audit...
[2026-05-28T09:44:01.665Z] [INFO] Initial audit: FAIL (1 failures)
[2026-05-28T09:44:01.665Z] [INFO] Step 2: Applying 1 fixes...
[2026-05-28T09:44:01.666Z] [WARN] §8.5: Manual fix required - see PRODUCT_STANDARDS.md
[2026-05-28T09:44:01.666Z] [INFO] Step 3: Re-running audit...
[2026-05-28T09:44:01.773Z] [INFO] Final audit: FAIL (1 remaining)
[2026-05-28T09:44:09.543Z] [SYSTEM] Compliance loop started
[2026-05-28T09:44:09.546Z] [INFO] === Starting compliance loop for: TourLingo ===
[2026-05-28T09:44:09.547Z] [INFO] Step 1: Running initial audit...
[2026-05-28T09:44:09.866Z] [INFO] Initial audit: FAIL (1 failures)
[2026-05-28T09:44:09.866Z] [INFO] Step 2: Applying 1 fixes...
[2026-05-28T09:44:09.866Z] [WARN] §8.5: Manual fix required - see PRODUCT_STANDARDS.md
[2026-05-28T09:44:09.867Z] [INFO] Step 3: Re-running audit...
[2026-05-28T09:44:10.106Z] [INFO] Final audit: FAIL (1 remaining)
[2026-05-28T09:49:38.499Z] [SYSTEM] Compliance loop started
[2026-05-28T09:49:38.502Z] [INFO] === Starting compliance loop for: singify-platform ===
[2026-05-28T09:49:38.503Z] [INFO] Step 1: Running initial audit...
[2026-05-28T09:49:43.702Z] [INFO] Initial audit: FAIL (1 failures)
[2026-05-28T09:49:43.703Z] [INFO] Step 2: Applying 1 fixes...
[2026-05-28T09:49:43.703Z] [WARN] TEST_ACCOUNTS: Could not auto-fix: applyTestAccountsFix is not defined
[2026-05-28T09:49:43.703Z] [INFO] Step 3: Re-running audit...
[2026-05-28T09:49:46.380Z] [INFO] Final audit: FAIL (1 remaining)
[2026-05-28T09:50:33.898Z] [SYSTEM] Compliance loop started
[2026-05-28T09:50:33.911Z] [INFO] === Starting compliance loop for: singify-platform ===
[2026-05-28T09:50:33.912Z] [INFO] Step 1: Running initial audit...
[2026-05-28T09:50:37.780Z] [INFO] Initial audit: FAIL (1 failures)
[2026-05-28T09:50:37.780Z] [INFO] Step 2: Applying 1 fixes...
[2026-05-28T09:50:37.782Z] [INFO] TEST_ACCOUNTS: Auto-fixed: Added ADMIN_EMAILS to .env.local, Added TEST_USER_EMAIL to .env.local
[2026-05-28T09:50:37.783Z] [INFO] Step 3: Re-running audit...
[2026-05-28T09:50:40.960Z] [INFO] Final audit: PASS (0 remaining)
[2026-05-28T09:50:49.904Z] [SYSTEM] Compliance loop started
[2026-05-28T09:50:49.908Z] [INFO] === Starting compliance loop for: DealFindrs ===
[2026-05-28T09:50:49.908Z] [INFO] Step 1: Running initial audit...
[2026-05-28T09:50:50.115Z] [INFO] Initial audit: FAIL (3 failures)
[2026-05-28T09:50:50.115Z] [INFO] Step 2: Applying 3 fixes...
[2026-05-28T09:50:50.116Z] [WARN] §8.5: Manual fix required - see PRODUCT_STANDARDS.md
[2026-05-28T09:50:50.118Z] [INFO] TEST_ACCOUNTS: Auto-fixed: Added ADMIN_EMAILS to .env.local, Added TEST_USER_EMAIL to .env.local
[2026-05-28T09:50:50.119Z] [INFO] Step 3: Re-running audit...
[2026-05-28T09:50:50.287Z] [INFO] Final audit: FAIL (1 remaining)
[2026-05-28T09:50:58.305Z] [SYSTEM] Compliance loop started
[2026-05-28T09:50:58.308Z] [INFO] === Starting compliance loop for: R-and-D-Tax-Eligibility-Work-Recording ===
[2026-05-28T09:50:58.310Z] [INFO] Step 1: Running initial audit...
[2026-05-28T09:50:58.611Z] [INFO] Initial audit: FAIL (2 failures)
[2026-05-28T09:50:58.611Z] [INFO] Step 2: Applying 2 fixes...
[2026-05-28T09:50:58.612Z] [WARN] §8.5: Manual fix required - see PRODUCT_STANDARDS.md
[2026-05-28T09:50:58.613Z] [INFO] TEST_ACCOUNTS: Auto-fixed: Added ADMIN_EMAILS to .env.local, Added TEST_USER_EMAIL to .env.local
[2026-05-28T09:50:58.613Z] [INFO] Step 3: Re-running audit...
[2026-05-28T09:50:58.807Z] [INFO] Final audit: FAIL (1 remaining)
[2026-05-28T09:52:53.444Z] [SYSTEM] Compliance loop started
[2026-05-28T09:52:53.447Z] [INFO] === Starting compliance loop for: RehearsalsAI ===
[2026-05-28T09:52:53.448Z] [INFO] Step 1: Running initial audit...
[2026-05-28T09:52:53.676Z] [INFO] Initial audit: FAIL (4 failures)
[2026-05-28T09:52:53.676Z] [INFO] Step 2: Applying 4 fixes...
[2026-05-28T09:52:53.677Z] [WARN] §8.5: Manual fix required - see PRODUCT_STANDARDS.md
[2026-05-28T09:52:53.677Z] [WARN] §8.5: Manual fix required - see PRODUCT_STANDARDS.md
[2026-05-28T09:52:53.677Z] [WARN] §8.5: Manual fix required - see PRODUCT_STANDARDS.md
[2026-05-28T09:52:53.679Z] [INFO] TEST_ACCOUNTS: Auto-fixed: Added ADMIN_EMAILS to .env.local, Added TEST_USER_EMAIL to .env.local
[2026-05-28T09:52:53.679Z] [INFO] Step 3: Re-running audit...
[2026-05-28T09:52:53.812Z] [INFO] Final audit: FAIL (3 remaining)
[2026-05-28T09:53:01.839Z] [SYSTEM] Compliance loop started
[2026-05-28T09:53:01.842Z] [INFO] === Starting compliance loop for: SayFix ===
[2026-05-28T09:53:01.842Z] [INFO] Step 1: Running initial audit...
[2026-05-28T09:53:01.979Z] [INFO] Initial audit: FAIL (2 failures)
[2026-05-28T09:53:01.980Z] [INFO] Step 2: Applying 2 fixes...
[2026-05-28T09:53:01.980Z] [WARN] §8.5: Manual fix required - see PRODUCT_STANDARDS.md
[2026-05-28T09:53:01.982Z] [INFO] TEST_ACCOUNTS: Auto-fixed: Added ADMIN_EMAILS to .env.local, Added TEST_USER_EMAIL to .env.local
[2026-05-28T09:53:01.982Z] [INFO] Step 3: Re-running audit...
[2026-05-28T09:53:02.097Z] [INFO] Final audit: FAIL (1 remaining)
[2026-05-28T09:53:09.153Z] [SYSTEM] Compliance loop started
[2026-05-28T09:53:09.156Z] [INFO] === Starting compliance loop for: TourLingo ===
[2026-05-28T09:53:09.157Z] [INFO] Step 1: Running initial audit...
[2026-05-28T09:53:09.698Z] [INFO] Initial audit: FAIL (3 failures)
[2026-05-28T09:53:09.699Z] [INFO] Step 2: Applying 3 fixes...
[2026-05-28T09:53:09.699Z] [WARN] §8.5: Manual fix required - see PRODUCT_STANDARDS.md
[2026-05-28T09:53:09.701Z] [INFO] TEST_ACCOUNTS: Auto-fixed: Added ADMIN_EMAILS to .env.local, Added TEST_USER_EMAIL to .env.local
[2026-05-28T09:53:09.702Z] [INFO] Step 3: Re-running audit...
[2026-05-28T09:53:10.087Z] [INFO] Final audit: FAIL (1 remaining)
